<?xml version="1.0" encoding="UTF-8"?>
<!-- Generated by org.testng.reporters.JUnitReportReporter -->
<testsuite skipped="0" hostname="LNAR-PF123C1R" name="getRequest.GetData" tests="2" failures="0" timestamp="25 Jul 2018 20:25:36 GMT" time="3.128" errors="0">
  <testcase name="testResponsecode" time="0.795" classname="getRequest.GetData"/>
  <testcase name="testBody" time="2.333" classname="getRequest.GetData"/>
</testsuite> <!-- getRequest.GetData -->
