<?xml version="1.0" encoding="UTF-8"?>
<!-- Generated by org.testng.reporters.JUnitReportReporter -->
<testsuite hostname="LNAR-PF123C1R" name="com.cucumberFramework.testRunner.TestRunner" tests="1" failures="0" timestamp="6 Aug 2018 15:50:40 GMT" time="0.040" errors="0">
  <testcase name="feature" time="0.040" classname="com.cucumberFramework.testRunner.TestRunner"/>
</testsuite> <!-- com.cucumberFramework.testRunner.TestRunner -->
